<?xml version="1.0" encoding="UTF-8"?>
<!-- Generated by org.testng.reporters.JUnitXMLReporter -->
<testsuite ignored="13" hostname="HellMasters-Pro-PC" failures="0" tests="1" name="Default test" time="14.412" errors="0" timestamp="2023-12-27T17:59:53 EST">
  <testcase classname="com.automation.homework.JQueryWedgets" name="spinner" time="6.073"/>
  <testcase classname="com.automation.homework.JQueryWedgets" name="selectMenu" time="0.0">
    <ignored/>
  </testcase> <!-- selectMenu -->
  <testcase classname="com.automation.homework.JQueryWedgets" name="checkboxRadio" time="0.0">
    <ignored/>
  </testcase> <!-- checkboxRadio -->
  <testcase classname="com.automation.homework.JQueryWedgets" name="autoComplete" time="0.0">
    <ignored/>
  </testcase> <!-- autoComplete -->
  <testcase classname="com.automation.homework.JQueryWedgets" name="toolTips" time="0.0">
    <ignored/>
  </testcase> <!-- toolTips -->
  <testcase classname="com.automation.homework.JQueryWedgets" name="testSlider" time="0.0">
    <ignored/>
  </testcase> <!-- testSlider -->
  <testcase classname="com.automation.homework.JQueryWedgets" name="progressBar" time="0.0">
    <ignored/>
  </testcase> <!-- progressBar -->
  <testcase classname="com.automation.homework.JQueryWedgets" name="controlGroup" time="0.0">
    <ignored/>
  </testcase> <!-- controlGroup -->
  <testcase classname="com.automation.homework.JQueryWedgets" name="tabs" time="0.0">
    <ignored/>
  </testcase> <!-- tabs -->
  <testcase classname="com.automation.homework.JQueryWedgets" name="menu" time="0.0">
    <ignored/>
  </testcase> <!-- menu -->
  <testcase classname="com.automation.homework.JQueryWedgets" name="accordion" time="0.0">
    <ignored/>
  </testcase> <!-- accordion -->
  <testcase classname="com.automation.homework.JQueryWedgets" name="button" time="0.0">
    <ignored/>
  </testcase> <!-- button -->
  <testcase classname="com.automation.homework.JQueryWedgets" name="datePicker" time="0.0">
    <ignored/>
  </testcase> <!-- datePicker -->
  <testcase classname="com.automation.homework.JQueryWedgets" name="dialog" time="0.0">
    <ignored/>
  </testcase> <!-- dialog -->
</testsuite> <!-- Default test -->
