<?xml version="1.0" encoding="UTF-8"?>
<testng-results ignored="13" total="14" passed="1" failed="0" skipped="0">
  <reporter-output>
  </reporter-output>
  <suite started-at="2023-12-27T17:59:39 EST" name="Default suite" finished-at="2023-12-27T17:59:53 EST" duration-ms="14412">
    <groups>
    </groups>
    <test started-at="2023-12-27T17:59:39 EST" name="Default test" finished-at="2023-12-27T17:59:53 EST" duration-ms="14412">
      <class name="com.automation.homework.JQueryWedgets">
        <test-method is-config="true" signature="beforeEachTest()[pri:0, instance:com.automation.homework.JQueryWedgets@6253c26]" started-at="2023-12-27T17:59:39 EST" name="beforeEachTest" finished-at="2023-12-27T17:59:42 EST" duration-ms="3036" status="PASS">
          <reporter-output>
          </reporter-output>
        </test-method> <!-- beforeEachTest -->
        <test-method signature="spinner()[pri:0, instance:com.automation.homework.JQueryWedgets@6253c26]" started-at="2023-12-27T17:59:42 EST" name="spinner" finished-at="2023-12-27T17:59:48 EST" duration-ms="6073" status="PASS">
          <reporter-output>
          </reporter-output>
        </test-method> <!-- spinner -->
        <test-method is-config="true" signature="afterEachTest()[pri:0, instance:com.automation.homework.JQueryWedgets@6253c26]" started-at="2023-12-27T17:59:48 EST" name="afterEachTest" finished-at="2023-12-27T17:59:53 EST" duration-ms="5253" status="PASS">
          <reporter-output>
          </reporter-output>
        </test-method> <!-- afterEachTest -->
      </class> <!-- com.automation.homework.JQueryWedgets -->
    </test> <!-- Default test -->
  </suite> <!-- Default suite -->
</testng-results>
